app/build/intermediates/manifest_merge_blame_file/debug/manifest-merger-blame-debug-report.txt
1<?xml version="1.0" encoding="utf-8"?>
2<manifest xmlns:android="http://schemas.android.com/apk/res/android"
3    package="com.color.otaassistant"
4    platformBuildVersionCode="32"
5    platformBuildVersionName="Tiramisu"
6    android:compileSdkVersion="32"
7    android:compileSdkVersionCodename="Tiramisu"
8    android:versionCode="1002000"
9    android:versionName="1.2.0" >
10
11    <uses-sdk
11-->src\main\AndroidManifest.xml:3:5-73
12        android:minSdkVersion="29"
12-->src\main\AndroidManifest.xml:3:15-41
13        android:targetSdkVersion="31" />
13-->src\main\AndroidManifest.xml:3:42-71
14
15    <uses-permission android:name="oplus.permission.OPLUS_COMPONENT_SAFE" />
15-->src\main\AndroidManifest.xml:4:5-76
15-->src\main\AndroidManifest.xml:4:22-74
16    <uses-permission android:name="oppo.permission.OPPO_COMPONENT_SAFE" />
16-->src\main\AndroidManifest.xml:5:5-74
16-->src\main\AndroidManifest.xml:5:22-72
17    <uses-permission android:name="android.permission.DELETE_PACKAGES" />
17-->src\main\AndroidManifest.xml:6:5-73
17-->src\main\AndroidManifest.xml:6:22-71
18    <uses-permission android:name="android.permission.MANAGE_PROFILE_AND_DEVICE_OWNERS" />
18-->src\main\AndroidManifest.xml:7:5-90
18-->src\main\AndroidManifest.xml:7:22-88
19    <uses-permission android:name="android.permission.FOREGROUND_SERVICE" />
19-->src\main\AndroidManifest.xml:8:5-76
19-->src\main\AndroidManifest.xml:8:22-74
20    <uses-permission android:name="android.permission.RECEIVE_BOOT_COMPLETED" />
20-->src\main\AndroidManifest.xml:9:5-80
20-->src\main\AndroidManifest.xml:9:22-78
21    <uses-permission android:name="android.permission.INTERNET" />
21-->src\main\AndroidManifest.xml:10:5-66
21-->src\main\AndroidManifest.xml:10:22-64
22    <uses-permission android:name="android.permission.START_FOREGROUND_SERVICES_FROM_BACKGROUND" />
22-->src\main\AndroidManifest.xml:11:5-99
22-->src\main\AndroidManifest.xml:11:22-97
23    <uses-permission android:name="android.permission.RECOVERY" />
23-->src\main\AndroidManifest.xml:12:5-66
23-->src\main\AndroidManifest.xml:12:22-64
24    <uses-permission android:name="android.permission.REBOOT" />
24-->src\main\AndroidManifest.xml:13:5-64
24-->src\main\AndroidManifest.xml:13:22-62
25    <uses-permission android:name="android.permission.READ_PRIVILEGED_PHONE_STATE" />
25-->src\main\AndroidManifest.xml:14:5-85
25-->src\main\AndroidManifest.xml:14:22-83
26    <uses-permission android:name="android.permission.SYSTEM_ALERT_WINDOW" />
26-->src\main\AndroidManifest.xml:15:5-77
26-->src\main\AndroidManifest.xml:15:22-75
27    <uses-permission android:name="android.permission.MANAGE_APP_OPS_MODES" />
27-->src\main\AndroidManifest.xml:16:5-78
27-->src\main\AndroidManifest.xml:16:22-76
28    <uses-permission android:name="android.permission.MANAGE_EXTERNAL_STORAGE" />
28-->src\main\AndroidManifest.xml:17:5-81
28-->src\main\AndroidManifest.xml:17:22-79
29    <uses-permission android:name="android.permission.ACCESS_CACHE_FILESYSTEM" />
29-->src\main\AndroidManifest.xml:18:5-81
29-->src\main\AndroidManifest.xml:18:22-79
30
31    <application
31-->src\main\AndroidManifest.xml:19:5-39:19
32        android:name="com.color.otaassistant.OtaAssistantApplication"
32-->src\main\AndroidManifest.xml:19:88-149
33        android:allowBackup="false"
33-->src\main\AndroidManifest.xml:19:150-177
34        android:appComponentFactory="androidx.core.app.CoreComponentFactory"
34-->src\main\AndroidManifest.xml:19:239-307
35        android:debuggable="true"
36        android:extractNativeLibs="false"
36-->src\main\AndroidManifest.xml:19:205-238
37        android:icon="@drawable/notice_logo"
37-->src\main\AndroidManifest.xml:19:51-87
38        android:label="@string/app_name"
38-->src\main\AndroidManifest.xml:19:18-50
39        android:supportsRtl="true"
39-->src\main\AndroidManifest.xml:19:178-204
40        android:testOnly="true" >
41        <service
41-->src\main\AndroidManifest.xml:20:9-24:19
42            android:name="com.color.otaassistant.OtaAssistantService"
42-->src\main\AndroidManifest.xml:20:18-75
43            android:exported="false" >
43-->src\main\AndroidManifest.xml:20:76-100
44            <intent-filter>
44-->src\main\AndroidManifest.xml:21:13-23:29
45                <action android:name="oplus.intent.action.OTA_ASSISTANT_PC_TOOL_SERVICE" />
45-->src\main\AndroidManifest.xml:22:17-91
45-->src\main\AndroidManifest.xml:22:25-89
46            </intent-filter>
47        </service>
48
49        <receiver
49-->src\main\AndroidManifest.xml:25:9-31:20
50            android:name="com.color.otaassistant.OtaAssistantReceiver"
50-->src\main\AndroidManifest.xml:25:19-77
51            android:exported="true"
51-->src\main\AndroidManifest.xml:25:154-177
52            android:permission="android.permission.ACCESS_CONTENT_PROVIDERS_EXTERNALLY" >
52-->src\main\AndroidManifest.xml:25:78-153
53            <intent-filter>
53-->src\main\AndroidManifest.xml:26:13-30:29
54                <action android:name="oppo.intent.action.BOOT_COMPLETED" />
54-->src\main\AndroidManifest.xml:27:17-75
54-->src\main\AndroidManifest.xml:27:25-73
55                <action android:name="oplus.intent.action.BOOT_COMPLETED" />
55-->src\main\AndroidManifest.xml:28:17-76
55-->src\main\AndroidManifest.xml:28:25-74
56                <action android:name="oplus.intent.action.OTA_ASSISTANT_PC_TOOL_RECEIVER" />
56-->src\main\AndroidManifest.xml:29:17-92
56-->src\main\AndroidManifest.xml:29:25-90
57            </intent-filter>
58        </receiver>
59
60        <provider
60-->src\main\AndroidManifest.xml:32:9-34:20
61            android:name="com.color.otaassistant.DataSharedProvider"
61-->src\main\AndroidManifest.xml:32:19-75
62            android:authorities="com.color.otaassistant.DataSharedProvider"
62-->src\main\AndroidManifest.xml:32:101-164
63            android:exported="false"
63-->src\main\AndroidManifest.xml:32:76-100
64            android:grantUriPermissions="true" >
64-->src\main\AndroidManifest.xml:32:165-199
65            <meta-data
65-->src\main\AndroidManifest.xml:33:13-112
66                android:name="android.support.FILE_PROVIDER_PATHS"
66-->src\main\AndroidManifest.xml:33:24-74
67                android:resource="@xml/shared_path" />
67-->src\main\AndroidManifest.xml:33:75-110
68        </provider>
69        <provider
69-->src\main\AndroidManifest.xml:35:9-38:20
70            android:name="androidx.startup.InitializationProvider"
70-->src\main\AndroidManifest.xml:35:19-73
71            android:authorities="com.color.otaassistant.androidx-startup"
71-->src\main\AndroidManifest.xml:35:99-160
72            android:exported="false" >
72-->src\main\AndroidManifest.xml:35:74-98
73            <meta-data
73-->src\main\AndroidManifest.xml:36:13-117
74                android:name="androidx.emoji2.text.EmojiCompatInitializer"
74-->src\main\AndroidManifest.xml:36:24-82
75                android:value="androidx.startup" />
75-->src\main\AndroidManifest.xml:36:83-115
76            <meta-data
76-->src\main\AndroidManifest.xml:37:13-120
77                android:name="androidx.lifecycle.ProcessLifecycleInitializer"
77-->src\main\AndroidManifest.xml:37:24-85
78                android:value="androidx.startup" />
78-->src\main\AndroidManifest.xml:37:86-118
79        </provider>
80    </application>
81
82</manifest>